2023-01-12 15:16:51 INFO  Test:10 - afasdc
2023-01-20 00:17:50 INFO  Servlet:22 - Servlet.init
2023-01-20 00:17:50 INFO  Servlet:42 - Servlet.doGet; commandName ==> changeLanguage
2023-01-20 00:17:58 INFO  Servlet:42 - Servlet.doGet; commandName ==> changeLanguage
2023-01-20 00:18:02 INFO  Servlet:42 - Servlet.doGet; commandName ==> changeLanguage
2023-01-20 00:18:04 INFO  Servlet:42 - Servlet.doGet; commandName ==> changeLanguage
2023-01-20 00:19:24 INFO  Servlet:22 - Servlet.init
2023-01-20 00:19:24 INFO  Servlet:42 - Servlet.doGet; commandName ==> changeLanguage
2023-01-20 00:22:13 INFO  Servlet:22 - Servlet.init
2023-01-20 00:22:13 INFO  Servlet:42 - Servlet.doGet; commandName ==> changeLanguage
2023-01-20 00:23:30 INFO  Servlet:60 - Servlet.destroy
2023-01-20 00:23:33 INFO  Servlet:22 - Servlet.init
2023-01-20 00:23:33 INFO  Servlet:42 - Servlet.doGet; commandName ==> changeLanguage
2023-01-20 00:23:36 INFO  Servlet:42 - Servlet.doGet; commandName ==> changeLanguage
2023-01-20 00:23:37 INFO  Servlet:42 - Servlet.doGet; commandName ==> changeLanguage
2023-01-20 00:23:59 INFO  Servlet:42 - Servlet.doGet; commandName ==> changeLanguage
2023-01-20 00:24:07 INFO  Servlet:60 - Servlet.destroy
2023-01-20 00:24:14 INFO  Servlet:22 - Servlet.init
2023-01-20 00:24:14 INFO  Servlet:42 - Servlet.doGet; commandName ==> changeLanguage
2023-01-20 00:29:27 INFO  Servlet:22 - Servlet.init
2023-01-20 00:29:27 INFO  Servlet:42 - Servlet.doGet; commandName ==> logIn
2023-01-20 00:29:37 INFO  Servlet:42 - Servlet.doGet; commandName ==> logIn
2023-01-20 00:32:15 INFO  Servlet:42 - Servlet.doGet; commandName ==> logOut
2023-01-20 00:32:19 INFO  Servlet:42 - Servlet.doGet; commandName ==> logIn
2023-01-20 00:32:21 INFO  Servlet:42 - Servlet.doGet; commandName ==> getUsers
2023-01-20 00:34:04 INFO  Servlet:42 - Servlet.doGet; commandName ==> blockUser
2023-01-20 00:34:06 INFO  Servlet:42 - Servlet.doGet; commandName ==> logOut
2023-01-20 00:34:13 INFO  Servlet:60 - Servlet.destroy
2023-01-20 00:34:19 INFO  Servlet:22 - Servlet.init
2023-01-20 00:34:19 INFO  Servlet:42 - Servlet.doGet; commandName ==> logIn
2023-01-20 00:35:05 INFO  Servlet:60 - Servlet.destroy
2023-01-20 00:35:12 INFO  Servlet:22 - Servlet.init
2023-01-20 00:35:12 INFO  Servlet:42 - Servlet.doGet; commandName ==> logIn
2023-01-20 00:35:18 INFO  Servlet:42 - Servlet.doGet; commandName ==> logIn
2023-01-20 00:35:30 INFO  Servlet:60 - Servlet.destroy
2023-01-20 00:35:36 INFO  Servlet:22 - Servlet.init
2023-01-20 00:35:36 INFO  Servlet:42 - Servlet.doGet; commandName ==> logIn
2023-01-20 00:35:39 INFO  Servlet:42 - Servlet.doGet; commandName ==> logIn
2023-01-20 00:36:11 INFO  Servlet:60 - Servlet.destroy
2023-01-20 00:36:15 INFO  Servlet:22 - Servlet.init
2023-01-20 00:36:15 INFO  Servlet:42 - Servlet.doGet; commandName ==> logIn
2023-01-20 00:36:30 INFO  Servlet:60 - Servlet.destroy
2023-01-20 00:36:35 INFO  Servlet:22 - Servlet.init
2023-01-20 00:36:35 INFO  Servlet:42 - Servlet.doGet; commandName ==> logIn
2023-01-20 00:41:36 INFO  Servlet:60 - Servlet.destroy
2023-01-20 00:41:41 INFO  Servlet:22 - Servlet.init
2023-01-20 00:41:42 INFO  Servlet:42 - Servlet.doGet; commandName ==> logOut
2023-01-20 00:41:49 INFO  Servlet:42 - Servlet.doGet; commandName ==> logIn
2023-01-20 00:41:50 INFO  Servlet:42 - Servlet.doGet; commandName ==> getFaculties
2023-01-20 00:41:54 INFO  AccessFilter:38 - Admin opened one of the admin pages
2023-01-20 00:41:55 INFO  Servlet:42 - Servlet.doGet; commandName ==> getUsers
2023-01-20 00:41:56 INFO  Servlet:42 - Servlet.doGet; commandName ==> setFacultiesForRegistration
2023-01-20 00:41:59 INFO  Servlet:42 - Servlet.doGet; commandName ==> getFaculties
2023-01-20 00:42:02 INFO  Servlet:42 - Servlet.doGet; commandName ==> setFacultiesForRegistration
2023-01-20 00:42:19 INFO  Servlet:42 - Servlet.doGet; commandName ==> getFaculties
2023-01-22 04:55:55 INFO  Servlet:22 - Servlet.init
2023-01-22 04:55:55 INFO  Servlet:42 - Servlet.doGet; commandName ==> getFaculties
2023-01-22 04:58:58 INFO  Servlet:60 - Servlet.destroy
2023-01-22 04:59:03 INFO  Servlet:22 - Servlet.init
2023-01-22 04:59:03 INFO  Servlet:42 - Servlet.doGet; commandName ==> getFaculties
2023-01-22 04:59:09 INFO  Servlet:42 - Servlet.doGet; commandName ==> getFaculties
2023-01-22 05:00:21 INFO  Servlet:60 - Servlet.destroy
2023-01-22 05:00:34 INFO  Servlet:22 - Servlet.init
2023-01-22 05:00:34 INFO  Servlet:43 - Servlet.doGet; commandName ==> getFaculties
2023-01-22 05:00:39 INFO  Servlet:43 - Servlet.doGet; commandName ==> getFaculties
2023-01-22 05:01:50 INFO  Servlet:22 - Servlet.init
2023-01-22 05:01:50 INFO  Servlet:43 - Servlet.doGet; commandName ==> getFaculties
2023-01-22 05:02:05 INFO  Servlet:43 - Servlet.doGet; commandName ==> logIn
2023-01-22 05:02:13 INFO  Servlet:43 - Servlet.doGet; commandName ==> getUsers
2023-01-22 05:02:19 INFO  AccessFilter:38 - Admin opened one of the admin pages
2023-01-22 05:02:24 INFO  Servlet:43 - Servlet.doGet; commandName ==> logOut
2023-01-22 05:34:48 INFO  Servlet:22 - Servlet.init
2023-01-22 05:34:48 INFO  Servlet:43 - Servlet.doGet; commandName ==> getFaculties
2023-01-22 05:38:03 INFO  Servlet:22 - Servlet.init
2023-01-22 05:38:03 INFO  Servlet:42 - Servlet.doGet; commandName ==> getFaculties
2023-01-22 05:38:06 INFO  Servlet:42 - Servlet.doGet; commandName ==> getFaculties
2023-01-22 05:38:07 INFO  Servlet:42 - Servlet.doGet; commandName ==> getFaculties
2023-01-22 05:38:08 INFO  Servlet:42 - Servlet.doGet; commandName ==> getFaculties
2023-01-22 05:40:35 INFO  Servlet:60 - Servlet.destroy
2023-01-22 05:40:51 INFO  Servlet:22 - Servlet.init
2023-01-22 05:40:51 INFO  Servlet:42 - Servlet.doGet; commandName ==> getFaculties
2023-01-22 05:41:11 INFO  Servlet:42 - Servlet.doGet; commandName ==> changeLanguage
2023-01-22 05:41:12 INFO  Servlet:42 - Servlet.doGet; commandName ==> getFaculties
2023-01-22 05:42:50 INFO  Servlet:42 - Servlet.doGet; commandName ==> logIn
2023-01-22 05:42:57 INFO  AccessFilter:38 - Admin opened one of the admin pages
2023-01-22 05:43:04 INFO  Servlet:42 - Servlet.doGet; commandName ==> addFaculty
2023-01-22 05:43:06 INFO  AccessFilter:38 - Admin opened one of the admin pages
2023-01-22 05:43:08 INFO  Servlet:42 - Servlet.doGet; commandName ==> addFaculty
2023-01-22 05:43:09 INFO  AccessFilter:38 - Admin opened one of the admin pages
2023-01-22 05:43:12 INFO  Servlet:42 - Servlet.doGet; commandName ==> addFaculty
2023-01-22 05:43:17 INFO  AccessFilter:38 - Admin opened one of the admin pages
2023-01-22 05:43:20 INFO  Servlet:42 - Servlet.doGet; commandName ==> addFaculty
2023-01-22 05:43:21 INFO  AccessFilter:38 - Admin opened one of the admin pages
2023-01-22 05:43:24 INFO  Servlet:42 - Servlet.doGet; commandName ==> addFaculty
2023-01-22 05:44:17 INFO  Servlet:22 - Servlet.init
2023-01-22 05:44:17 INFO  Servlet:42 - Servlet.doGet; commandName ==> getFaculties
2023-01-22 05:46:20 INFO  Servlet:42 - Servlet.doGet; commandName ==> getFaculties
2023-01-22 05:46:22 INFO  Servlet:42 - Servlet.doGet; commandName ==> getFaculties
2023-01-22 05:46:38 INFO  Servlet:22 - Servlet.init
2023-01-22 05:46:38 INFO  Servlet:42 - Servlet.doGet; commandName ==> getFaculties
2023-01-22 05:46:40 INFO  Servlet:42 - Servlet.doGet; commandName ==> getFaculties
2023-01-22 05:46:41 INFO  Servlet:42 - Servlet.doGet; commandName ==> getFaculties
2023-01-22 05:46:45 INFO  Servlet:42 - Servlet.doGet; commandName ==> getFaculties
2023-01-22 05:46:47 INFO  Servlet:42 - Servlet.doGet; commandName ==> getFaculties
2023-01-22 05:46:48 INFO  Servlet:42 - Servlet.doGet; commandName ==> getFaculties
2023-01-22 05:46:51 INFO  Servlet:42 - Servlet.doGet; commandName ==> getFaculties
2023-01-22 05:46:52 INFO  Servlet:42 - Servlet.doGet; commandName ==> getFaculties
2023-01-22 05:46:53 INFO  Servlet:42 - Servlet.doGet; commandName ==> getFaculties
2023-01-22 05:47:17 INFO  Servlet:42 - Servlet.doGet; commandName ==> getFaculties
2023-01-22 05:47:22 INFO  Servlet:42 - Servlet.doGet; commandName ==> getFaculties
2023-01-22 05:47:22 INFO  Servlet:42 - Servlet.doGet; commandName ==> getFaculties
2023-01-22 16:18:35 INFO  Servlet:22 - Servlet.init
2023-01-22 16:18:35 INFO  Servlet:42 - Servlet.doGet; commandName ==> getFaculties
2023-01-22 16:18:39 INFO  Servlet:42 - Servlet.doGet; commandName ==> getFaculties
2023-01-22 16:18:40 INFO  Servlet:42 - Servlet.doGet; commandName ==> getFaculties
2023-01-22 16:18:41 INFO  Servlet:42 - Servlet.doGet; commandName ==> getFaculties
2023-01-22 16:18:42 INFO  Servlet:42 - Servlet.doGet; commandName ==> getFaculties
2023-01-22 16:18:44 INFO  Servlet:42 - Servlet.doGet; commandName ==> getFaculties
2023-01-22 16:18:51 INFO  Servlet:42 - Servlet.doGet; commandName ==> getFaculties
2023-01-22 16:18:52 INFO  Servlet:42 - Servlet.doGet; commandName ==> getFaculties
2023-01-22 16:18:54 INFO  Servlet:42 - Servlet.doGet; commandName ==> getFaculties
2023-01-22 16:18:54 INFO  Servlet:42 - Servlet.doGet; commandName ==> getFaculties
2023-01-22 16:18:55 INFO  Servlet:42 - Servlet.doGet; commandName ==> getFaculties
2023-01-22 16:18:56 INFO  Servlet:42 - Servlet.doGet; commandName ==> getFaculties
2023-01-22 16:18:56 INFO  Servlet:42 - Servlet.doGet; commandName ==> getFaculties
2023-01-22 16:18:57 INFO  Servlet:42 - Servlet.doGet; commandName ==> getFaculties
2023-01-22 16:18:57 INFO  Servlet:42 - Servlet.doGet; commandName ==> getFaculties
2023-01-22 16:19:02 INFO  Servlet:42 - Servlet.doGet; commandName ==> getFaculties
2023-01-22 16:19:03 INFO  Servlet:42 - Servlet.doGet; commandName ==> getFaculties
2023-01-22 16:19:04 INFO  Servlet:42 - Servlet.doGet; commandName ==> getFaculties
2023-01-22 16:19:04 INFO  Servlet:42 - Servlet.doGet; commandName ==> getFaculties
2023-01-22 16:19:05 INFO  Servlet:42 - Servlet.doGet; commandName ==> getFaculties
2023-01-22 16:19:11 INFO  Servlet:42 - Servlet.doGet; commandName ==> getFaculties
2023-01-22 16:19:12 INFO  Servlet:42 - Servlet.doGet; commandName ==> getFaculties
2023-01-22 16:19:14 INFO  Servlet:42 - Servlet.doGet; commandName ==> getFaculties
2023-01-22 16:19:18 INFO  Servlet:42 - Servlet.doGet; commandName ==> getFaculties
2023-01-22 16:19:20 INFO  Servlet:42 - Servlet.doGet; commandName ==> getFaculties
2023-01-22 16:19:23 INFO  Servlet:42 - Servlet.doGet; commandName ==> getFaculties
2023-01-22 16:19:29 INFO  Servlet:42 - Servlet.doGet; commandName ==> getFaculties
2023-01-22 16:19:30 INFO  Servlet:42 - Servlet.doGet; commandName ==> getFaculties
2023-01-22 16:19:34 INFO  Servlet:42 - Servlet.doGet; commandName ==> getFaculties
2023-01-22 16:19:37 INFO  Servlet:42 - Servlet.doGet; commandName ==> getFaculties
2023-01-22 16:24:46 INFO  Servlet:60 - Servlet.destroy
2023-01-22 16:25:12 INFO  Servlet:22 - Servlet.init
2023-01-22 16:25:12 INFO  Servlet:42 - Servlet.doGet; commandName ==> getFaculties
2023-01-22 16:25:15 INFO  Servlet:42 - Servlet.doGet; commandName ==> getFaculties
2023-01-22 16:25:16 INFO  Servlet:42 - Servlet.doGet; commandName ==> getFaculties
2023-01-22 16:25:19 INFO  Servlet:42 - Servlet.doGet; commandName ==> getFaculties
2023-01-22 16:25:22 INFO  Servlet:42 - Servlet.doGet; commandName ==> getFaculties
2023-01-22 16:25:23 INFO  Servlet:42 - Servlet.doGet; commandName ==> getFaculties
2023-01-22 16:25:24 INFO  Servlet:42 - Servlet.doGet; commandName ==> getFaculties
2023-01-22 16:25:25 INFO  Servlet:42 - Servlet.doGet; commandName ==> getFaculties
2023-01-22 16:25:27 INFO  Servlet:42 - Servlet.doGet; commandName ==> getFaculties
2023-01-22 16:25:27 INFO  Servlet:42 - Servlet.doGet; commandName ==> getFaculties
2023-01-22 16:25:29 INFO  Servlet:42 - Servlet.doGet; commandName ==> getFaculties
2023-01-22 16:25:30 INFO  Servlet:42 - Servlet.doGet; commandName ==> getFaculties
2023-01-22 16:25:30 INFO  Servlet:42 - Servlet.doGet; commandName ==> getFaculties
2023-01-22 16:25:32 INFO  Servlet:42 - Servlet.doGet; commandName ==> getFaculties
2023-01-22 16:25:33 INFO  Servlet:42 - Servlet.doGet; commandName ==> getFaculties
2023-01-22 16:25:34 INFO  Servlet:42 - Servlet.doGet; commandName ==> getFaculties
2023-01-22 16:25:36 INFO  Servlet:42 - Servlet.doGet; commandName ==> getFaculties
2023-01-22 16:25:38 INFO  Servlet:42 - Servlet.doGet; commandName ==> changeLanguage
2023-01-22 16:25:39 INFO  Servlet:42 - Servlet.doGet; commandName ==> getFaculties
2023-01-22 16:25:41 INFO  Servlet:42 - Servlet.doGet; commandName ==> getFaculties
2023-01-22 16:25:42 INFO  Servlet:42 - Servlet.doGet; commandName ==> getFaculties
2023-01-22 16:25:43 INFO  Servlet:42 - Servlet.doGet; commandName ==> getFaculties
2023-01-22 16:25:59 INFO  Servlet:42 - Servlet.doGet; commandName ==> getFaculties
2023-01-22 16:26:08 INFO  Servlet:42 - Servlet.doGet; commandName ==> logIn
2023-01-22 16:26:22 INFO  Servlet:42 - Servlet.doGet; commandName ==> getFaculties
2023-01-25 12:42:22 INFO  Servlet:22 - Servlet.init
2023-01-25 12:42:22 INFO  Servlet:42 - Servlet.doGet; commandName ==> logIn
2023-01-25 12:42:30 INFO  Servlet:42 - Servlet.doGet; commandName ==> logIn
2023-01-25 12:42:36 INFO  Servlet:42 - Servlet.doGet; commandName ==> logOut
2023-01-25 12:42:52 INFO  Servlet:42 - Servlet.doGet; commandName ==> logIn
2023-01-25 12:50:11 INFO  Servlet:60 - Servlet.destroy
2023-01-25 12:50:15 INFO  Servlet:22 - Servlet.init
2023-01-25 12:50:15 INFO  Servlet:42 - Servlet.doGet; commandName ==> logOut
2023-01-25 12:50:20 INFO  Servlet:42 - Servlet.doGet; commandName ==> logIn
2023-01-25 12:50:29 INFO  Servlet:42 - Servlet.doGet; commandName ==> logIn
2023-01-25 12:50:38 INFO  Servlet:42 - Servlet.doGet; commandName ==> logIn
2023-01-25 12:51:24 INFO  Servlet:60 - Servlet.destroy
2023-01-25 12:51:33 INFO  Servlet:22 - Servlet.init
2023-01-25 12:51:33 INFO  Servlet:42 - Servlet.doGet; commandName ==> logIn
2023-01-25 12:52:15 INFO  Servlet:60 - Servlet.destroy
2023-01-25 12:52:24 INFO  Servlet:22 - Servlet.init
2023-01-25 12:52:24 INFO  Servlet:42 - Servlet.doGet; commandName ==> logIn
2023-01-25 12:52:29 INFO  Servlet:42 - Servlet.doGet; commandName ==> logIn
2023-01-25 12:52:48 INFO  Servlet:60 - Servlet.destroy
2023-01-25 12:52:50 INFO  Servlet:22 - Servlet.init
2023-01-25 12:52:50 INFO  Servlet:42 - Servlet.doGet; commandName ==> logIn
2023-01-25 12:52:54 INFO  Servlet:42 - Servlet.doGet; commandName ==> logIn
2023-01-25 12:53:51 INFO  Servlet:60 - Servlet.destroy
2023-01-25 12:54:01 INFO  Servlet:22 - Servlet.init
2023-01-25 12:54:01 INFO  Servlet:42 - Servlet.doGet; commandName ==> logIn
2023-01-25 12:54:09 INFO  Servlet:42 - Servlet.doGet; commandName ==> logIn
2023-01-25 12:54:42 INFO  Servlet:60 - Servlet.destroy
2023-01-25 12:54:47 INFO  Servlet:22 - Servlet.init
2023-01-25 12:54:47 INFO  Servlet:42 - Servlet.doGet; commandName ==> logIn
2023-01-25 12:54:49 INFO  Servlet:42 - Servlet.doGet; commandName ==> logIn
2023-01-25 12:57:49 INFO  Servlet:60 - Servlet.destroy
2023-01-25 12:58:01 INFO  Servlet:22 - Servlet.init
2023-01-25 12:58:01 INFO  Servlet:42 - Servlet.doGet; commandName ==> logIn
2023-01-25 12:58:05 INFO  Servlet:42 - Servlet.doGet; commandName ==> logIn
2023-01-25 12:58:09 INFO  Servlet:42 - Servlet.doGet; commandName ==> logIn
2023-01-25 12:58:23 INFO  Servlet:60 - Servlet.destroy
2023-01-25 12:58:32 INFO  Servlet:22 - Servlet.init
2023-01-25 12:58:32 INFO  Servlet:42 - Servlet.doGet; commandName ==> logIn
2023-01-25 13:00:11 INFO  Servlet:60 - Servlet.destroy
2023-01-25 13:00:16 INFO  Servlet:22 - Servlet.init
2023-01-25 13:00:16 INFO  Servlet:42 - Servlet.doGet; commandName ==> logIn
2023-01-25 13:00:18 INFO  Servlet:42 - Servlet.doGet; commandName ==> logIn
2023-01-25 13:00:22 INFO  Servlet:42 - Servlet.doGet; commandName ==> logIn
2023-01-25 13:00:25 INFO  Servlet:42 - Servlet.doGet; commandName ==> logIn
2023-01-25 13:00:26 INFO  Servlet:42 - Servlet.doGet; commandName ==> logIn
2023-01-25 13:00:28 INFO  Servlet:42 - Servlet.doGet; commandName ==> logIn
2023-01-25 13:00:30 INFO  Servlet:42 - Servlet.doGet; commandName ==> logIn
2023-01-25 13:01:01 INFO  Servlet:60 - Servlet.destroy
2023-01-25 13:01:08 INFO  Servlet:22 - Servlet.init
2023-01-25 13:01:08 INFO  Servlet:42 - Servlet.doGet; commandName ==> logIn
2023-01-25 13:01:38 INFO  Servlet:60 - Servlet.destroy
2023-01-25 13:01:42 INFO  Servlet:22 - Servlet.init
2023-01-25 13:01:42 INFO  Servlet:42 - Servlet.doGet; commandName ==> logIn
2023-01-25 13:02:04 INFO  Servlet:60 - Servlet.destroy
2023-01-25 13:02:09 INFO  Servlet:22 - Servlet.init
2023-01-25 13:02:09 INFO  Servlet:42 - Servlet.doGet; commandName ==> logIn
2023-01-25 13:02:23 INFO  Servlet:60 - Servlet.destroy
2023-01-25 13:02:25 INFO  Servlet:22 - Servlet.init
2023-01-25 13:02:25 INFO  Servlet:42 - Servlet.doGet; commandName ==> logIn
2023-01-25 13:02:38 INFO  Servlet:60 - Servlet.destroy
2023-01-25 13:02:43 INFO  Servlet:22 - Servlet.init
2023-01-25 13:02:43 INFO  Servlet:42 - Servlet.doGet; commandName ==> logIn
2023-01-25 13:02:50 INFO  Servlet:42 - Servlet.doGet; commandName ==> logIn
2023-01-25 13:03:58 INFO  Servlet:22 - Servlet.init
2023-01-25 13:03:58 INFO  Servlet:42 - Servlet.doGet; commandName ==> logIn
2023-01-25 13:07:29 INFO  Servlet:60 - Servlet.destroy
2023-01-25 13:34:44 INFO  Servlet:22 - Servlet.init
2023-01-25 13:34:44 INFO  Servlet:42 - Servlet.doGet; commandName ==> registration
2023-01-25 13:34:50 INFO  Servlet:42 - Servlet.doGet; commandName ==> registration
2023-01-25 13:34:51 INFO  Servlet:42 - Servlet.doGet; commandName ==> registration
2023-01-25 13:34:54 INFO  Servlet:42 - Servlet.doGet; commandName ==> registration
2023-01-25 13:34:58 INFO  Servlet:42 - Servlet.doGet; commandName ==> registration
2023-01-25 13:35:00 INFO  Servlet:42 - Servlet.doGet; commandName ==> registration
2023-01-25 13:35:02 INFO  Servlet:42 - Servlet.doGet; commandName ==> registration
2023-01-25 13:35:54 INFO  Servlet:60 - Servlet.destroy
2023-01-25 13:36:01 INFO  Servlet:22 - Servlet.init
2023-01-25 13:36:01 INFO  Servlet:42 - Servlet.doGet; commandName ==> registration
2023-01-25 13:37:11 INFO  Servlet:60 - Servlet.destroy
2023-01-25 13:37:17 INFO  Servlet:22 - Servlet.init
2023-01-25 13:37:17 INFO  Servlet:42 - Servlet.doGet; commandName ==> registration
2023-01-25 13:38:18 INFO  Servlet:60 - Servlet.destroy
2023-01-25 13:38:19 INFO  Servlet:22 - Servlet.init
2023-01-25 13:38:19 INFO  Servlet:42 - Servlet.doGet; commandName ==> registration
2023-01-25 13:38:43 INFO  Servlet:42 - Servlet.doGet; commandName ==> registration
2023-01-25 13:38:44 INFO  Servlet:60 - Servlet.destroy
2023-01-25 13:38:45 INFO  Servlet:22 - Servlet.init
2023-01-25 13:38:45 INFO  Servlet:42 - Servlet.doGet; commandName ==> registration
2023-01-25 13:38:52 INFO  Servlet:42 - Servlet.doGet; commandName ==> registration
2023-01-25 13:38:59 INFO  Servlet:60 - Servlet.destroy
2023-01-25 13:39:04 INFO  Servlet:22 - Servlet.init
2023-01-25 13:39:04 INFO  Servlet:42 - Servlet.doGet; commandName ==> registration
2023-01-25 13:39:28 INFO  Servlet:42 - Servlet.doGet; commandName ==> registration
2023-01-25 13:39:35 INFO  Servlet:42 - Servlet.doGet; commandName ==> registration
2023-01-25 13:39:38 INFO  Servlet:42 - Servlet.doGet; commandName ==> registration
2023-01-25 13:39:58 INFO  Servlet:42 - Servlet.doGet; commandName ==> registration
2023-01-25 13:40:43 INFO  Servlet:42 - Servlet.doGet; commandName ==> registration
2023-01-25 13:43:01 INFO  Servlet:60 - Servlet.destroy
2023-01-25 13:43:03 INFO  Servlet:22 - Servlet.init
2023-01-25 13:43:03 INFO  Servlet:42 - Servlet.doGet; commandName ==> registration
2023-01-25 13:44:15 INFO  Servlet:60 - Servlet.destroy
2023-01-25 13:44:28 INFO  Servlet:22 - Servlet.init
2023-01-25 13:44:28 INFO  Servlet:42 - Servlet.doGet; commandName ==> registration
2023-01-25 13:44:33 INFO  Servlet:42 - Servlet.doGet; commandName ==> registration
2023-01-25 13:44:36 INFO  Servlet:42 - Servlet.doGet; commandName ==> registration
2023-01-25 13:44:40 INFO  Servlet:42 - Servlet.doGet; commandName ==> registration
2023-01-25 13:45:11 INFO  Servlet:42 - Servlet.doGet; commandName ==> registration
2023-01-25 13:45:21 INFO  Servlet:42 - Servlet.doGet; commandName ==> setFacultiesForRegistration
2023-01-25 13:45:33 INFO  Servlet:42 - Servlet.doGet; commandName ==> registerForFaculties
2023-01-25 13:48:26 INFO  Servlet:42 - Servlet.doGet; commandName ==> registerForFaculties
2023-01-25 13:48:32 INFO  Servlet:42 - Servlet.doGet; commandName ==> setFacultiesForRegistration
2023-01-25 13:48:32 INFO  Servlet:42 - Servlet.doGet; commandName ==> getFaculties
2023-01-25 13:48:34 INFO  Servlet:42 - Servlet.doGet; commandName ==> setFacultiesForRegistration
2023-01-25 13:48:38 INFO  Servlet:42 - Servlet.doGet; commandName ==> registerForFaculties
2023-01-25 13:50:58 INFO  Servlet:60 - Servlet.destroy
2023-01-25 13:51:09 INFO  Servlet:22 - Servlet.init
2023-01-25 13:51:09 INFO  Servlet:42 - Servlet.doGet; commandName ==> setFacultiesForRegistration
2023-01-25 13:51:18 INFO  Servlet:42 - Servlet.doGet; commandName ==> logIn
2023-01-25 13:51:21 INFO  Servlet:42 - Servlet.doGet; commandName ==> setFacultiesForRegistration
2023-01-25 13:51:30 INFO  Servlet:42 - Servlet.doGet; commandName ==> registerForFaculties
2023-01-25 13:57:47 INFO  Servlet:42 - Servlet.doGet; commandName ==> setFacultiesForRegistration
2023-01-25 14:15:33 INFO  Servlet:60 - Servlet.destroy
2023-01-25 14:16:41 INFO  Servlet:22 - Servlet.init
2023-01-25 14:16:41 INFO  Servlet:42 - Servlet.doGet; commandName ==> getFaculties
2023-01-25 14:16:48 INFO  Servlet:42 - Servlet.doGet; commandName ==> logIn
2023-01-25 14:16:50 INFO  Servlet:42 - Servlet.doGet; commandName ==> setFacultiesForRegistration
2023-01-25 14:16:57 INFO  Servlet:42 - Servlet.doGet; commandName ==> setFacultiesForRegistration
2023-01-25 14:16:58 INFO  Servlet:42 - Servlet.doGet; commandName ==> registerForFaculties
2023-01-25 14:17:18 INFO  Servlet:42 - Servlet.doGet; commandName ==> getFaculties
2023-01-25 14:17:18 INFO  Servlet:42 - Servlet.doGet; commandName ==> setFacultiesForRegistration
2023-01-25 14:17:21 INFO  Servlet:42 - Servlet.doGet; commandName ==> setFacultiesForRegistration
2023-01-25 14:17:23 INFO  Servlet:42 - Servlet.doGet; commandName ==> setFacultiesForRegistration
2023-01-25 14:22:29 INFO  Servlet:42 - Servlet.doGet; commandName ==> registerForFaculties
2023-01-25 14:35:56 INFO  Servlet:60 - Servlet.destroy
2023-01-25 14:36:37 INFO  Servlet:22 - Servlet.init
2023-01-25 14:36:37 INFO  Servlet:42 - Servlet.doGet; commandName ==> registerForFaculties
2023-01-25 14:36:42 INFO  Servlet:42 - Servlet.doGet; commandName ==> logIn
2023-01-25 14:36:43 INFO  Servlet:42 - Servlet.doGet; commandName ==> setFacultiesForRegistration
2023-01-25 14:36:45 INFO  Servlet:42 - Servlet.doGet; commandName ==> setFacultiesForRegistration
2023-01-25 14:36:50 INFO  Servlet:42 - Servlet.doGet; commandName ==> setFacultiesForRegistration
2023-01-25 14:36:51 INFO  Servlet:42 - Servlet.doGet; commandName ==> registerForFaculties
2023-01-25 14:36:54 INFO  Servlet:42 - Servlet.doGet; commandName ==> registerForFaculties
2023-01-25 14:36:58 INFO  Servlet:42 - Servlet.doGet; commandName ==> registerForFaculties
2023-01-25 14:37:37 INFO  Servlet:60 - Servlet.destroy
2023-01-25 14:37:41 INFO  Servlet:22 - Servlet.init
2023-01-25 14:37:41 INFO  Servlet:42 - Servlet.doGet; commandName ==> registerForFaculties
2023-01-25 14:37:46 INFO  Servlet:42 - Servlet.doGet; commandName ==> logIn
2023-01-25 14:37:48 INFO  Servlet:42 - Servlet.doGet; commandName ==> setFacultiesForRegistration
2023-01-25 14:37:52 INFO  Servlet:42 - Servlet.doGet; commandName ==> registerForFaculties
2023-01-25 14:42:06 INFO  Servlet:60 - Servlet.destroy
2023-01-25 14:42:46 INFO  Servlet:22 - Servlet.init
2023-01-25 14:42:46 INFO  Servlet:42 - Servlet.doGet; commandName ==> logOut
2023-01-25 14:42:50 INFO  Servlet:42 - Servlet.doGet; commandName ==> logIn
2023-01-25 14:42:52 INFO  Servlet:42 - Servlet.doGet; commandName ==> setFacultiesForRegistration
2023-01-25 14:42:54 INFO  Servlet:42 - Servlet.doGet; commandName ==> registerForFaculties
2023-01-25 14:44:25 INFO  Servlet:60 - Servlet.destroy
2023-01-25 14:44:30 INFO  Servlet:22 - Servlet.init
2023-01-25 14:44:30 INFO  Servlet:42 - Servlet.doGet; commandName ==> registerForFaculties
2023-01-25 14:44:33 INFO  Servlet:42 - Servlet.doGet; commandName ==> logOut
2023-01-25 14:44:38 INFO  Servlet:42 - Servlet.doGet; commandName ==> logIn
2023-01-25 14:44:39 INFO  Servlet:42 - Servlet.doGet; commandName ==> setFacultiesForRegistration
2023-01-25 14:45:01 INFO  Servlet:60 - Servlet.destroy
2023-01-25 14:45:06 INFO  Servlet:22 - Servlet.init
2023-01-25 14:45:06 INFO  Servlet:42 - Servlet.doGet; commandName ==> logOut
2023-01-25 14:45:11 INFO  Servlet:42 - Servlet.doGet; commandName ==> logIn
2023-01-25 14:45:40 INFO  Servlet:42 - Servlet.doGet; commandName ==> setFacultiesForRegistration
2023-01-25 14:45:43 INFO  Servlet:42 - Servlet.doGet; commandName ==> registerForFaculties
2023-01-25 14:54:19 INFO  Servlet:60 - Servlet.destroy
2023-01-25 14:54:23 INFO  Servlet:22 - Servlet.init
2023-01-25 14:54:23 INFO  Servlet:42 - Servlet.doGet; commandName ==> logOut
2023-01-25 14:54:26 INFO  Servlet:42 - Servlet.doGet; commandName ==> logIn
2023-01-25 14:54:28 INFO  Servlet:42 - Servlet.doGet; commandName ==> setFacultiesForRegistration
2023-01-25 14:54:35 INFO  Servlet:42 - Servlet.doGet; commandName ==> registerForFaculties
2023-01-25 14:55:35 INFO  Servlet:60 - Servlet.destroy
2023-01-25 14:55:40 INFO  Servlet:22 - Servlet.init
2023-01-25 14:55:40 INFO  Servlet:42 - Servlet.doGet; commandName ==> logOut
2023-01-25 14:55:40 INFO  Servlet:42 - Servlet.doGet; commandName ==> logOut
2023-01-25 14:55:43 INFO  Servlet:42 - Servlet.doGet; commandName ==> logIn
2023-01-25 14:55:45 INFO  Servlet:42 - Servlet.doGet; commandName ==> setFacultiesForRegistration
2023-01-25 14:55:50 INFO  Servlet:42 - Servlet.doGet; commandName ==> registerForFaculties
2023-01-25 14:55:59 INFO  Servlet:42 - Servlet.doGet; commandName ==> registerForFaculties
2023-01-25 14:56:03 INFO  Servlet:42 - Servlet.doGet; commandName ==> registerForFaculties
2023-01-25 14:57:01 INFO  Servlet:42 - Servlet.doGet; commandName ==> registerForFaculties
2023-01-25 14:57:27 INFO  Servlet:22 - Servlet.init
2023-01-25 14:57:27 INFO  Servlet:42 - Servlet.doGet; commandName ==> logIn
2023-01-25 14:57:28 INFO  Servlet:42 - Servlet.doGet; commandName ==> setFacultiesForRegistration
2023-01-25 14:57:32 INFO  Servlet:42 - Servlet.doGet; commandName ==> registerForFaculties
2023-01-25 14:58:37 INFO  Servlet:42 - Servlet.doGet; commandName ==> registerForFaculties
2023-01-25 14:59:07 INFO  Servlet:42 - Servlet.doGet; commandName ==> registerForFaculties
2023-01-25 14:59:11 INFO  Servlet:42 - Servlet.doGet; commandName ==> registerForFaculties
2023-01-25 15:00:44 INFO  Servlet:42 - Servlet.doGet; commandName ==> registerForFaculties
2023-01-25 15:00:52 INFO  Servlet:42 - Servlet.doGet; commandName ==> registerForFaculties
2023-01-25 15:00:59 INFO  Servlet:42 - Servlet.doGet; commandName ==> registerForFaculties
2023-01-25 16:25:58 INFO  Servlet:42 - Servlet.doGet; commandName ==> registerForFaculties
2023-01-25 16:25:58 INFO  Servlet:42 - Servlet.doGet; commandName ==> registerForFaculties
2023-01-25 16:25:58 INFO  Servlet:42 - Servlet.doGet; commandName ==> registerForFaculties
2023-01-26 12:38:55 INFO  Servlet:22 - Servlet.init
2023-01-26 12:38:55 INFO  Servlet:42 - Servlet.doGet; commandName ==> logIn
2023-01-26 12:38:57 INFO  Servlet:42 - Servlet.doGet; commandName ==> getFaculties
2023-01-26 12:38:59 INFO  Servlet:42 - Servlet.doGet; commandName ==> getFaculties
2023-01-26 12:39:00 INFO  Servlet:42 - Servlet.doGet; commandName ==> getFaculty
2023-01-26 12:39:09 INFO  Servlet:42 - Servlet.doGet; commandName ==> setFacultiesForRegistration
2023-01-26 12:39:15 INFO  Servlet:42 - Servlet.doGet; commandName ==> registerForFaculties
2023-01-26 12:39:21 INFO  Servlet:42 - Servlet.doGet; commandName ==> registerForFaculties
2023-01-26 12:40:18 INFO  Servlet:42 - Servlet.doGet; commandName ==> registerForFaculties
2023-01-26 12:40:43 INFO  Servlet:22 - Servlet.init
2023-01-26 12:40:43 INFO  Servlet:42 - Servlet.doGet; commandName ==> logIn
2023-01-26 12:40:46 INFO  Servlet:42 - Servlet.doGet; commandName ==> setFacultiesForRegistration
2023-01-26 12:40:47 INFO  Servlet:42 - Servlet.doGet; commandName ==> registerForFaculties
2023-01-26 12:41:01 INFO  Servlet:42 - Servlet.doGet; commandName ==> registerForFaculties
2023-01-26 12:41:02 INFO  Servlet:42 - Servlet.doGet; commandName ==> registerForFaculties
2023-01-26 12:41:16 INFO  Servlet:42 - Servlet.doGet; commandName ==> registerForFaculties
2023-01-26 12:41:16 INFO  Servlet:42 - Servlet.doGet; commandName ==> registerForFaculties
2023-01-26 12:41:17 INFO  Servlet:42 - Servlet.doGet; commandName ==> getFaculties
2023-01-26 12:41:18 INFO  Servlet:42 - Servlet.doGet; commandName ==> setFacultiesForRegistration
2023-01-26 12:41:19 INFO  Servlet:42 - Servlet.doGet; commandName ==> registerForFaculties
2023-01-26 12:41:21 INFO  Servlet:42 - Servlet.doGet; commandName ==> registerForFaculties
2023-01-26 12:41:51 INFO  Servlet:22 - Servlet.init
2023-01-26 12:41:51 INFO  Servlet:42 - Servlet.doGet; commandName ==> logIn
2023-01-26 12:41:53 INFO  Servlet:42 - Servlet.doGet; commandName ==> setFacultiesForRegistration
2023-01-26 12:41:56 INFO  Servlet:42 - Servlet.doGet; commandName ==> registerForFaculties
2023-01-26 12:42:33 INFO  Servlet:42 - Servlet.doGet; commandName ==> registerForFaculties
2023-01-26 12:44:09 INFO  Servlet:22 - Servlet.init
2023-01-26 12:44:09 INFO  Servlet:42 - Servlet.doGet; commandName ==> logIn
2023-01-26 12:44:11 INFO  Servlet:42 - Servlet.doGet; commandName ==> setFacultiesForRegistration
2023-01-26 12:44:14 INFO  Servlet:42 - Servlet.doGet; commandName ==> registerForFaculties
2023-01-26 12:46:47 INFO  Servlet:60 - Servlet.destroy
2023-01-26 12:46:55 INFO  Servlet:22 - Servlet.init
2023-01-26 12:46:55 INFO  Servlet:42 - Servlet.doGet; commandName ==> registerForFaculties
2023-01-26 12:52:14 INFO  Servlet:22 - Servlet.init
2023-01-26 12:52:14 INFO  Servlet:42 - Servlet.doGet; commandName ==> logIn
2023-01-26 12:52:16 INFO  Servlet:42 - Servlet.doGet; commandName ==> setFacultiesForRegistration
2023-01-26 12:52:18 INFO  Servlet:42 - Servlet.doGet; commandName ==> registerForFaculties
2023-01-26 12:53:01 INFO  Servlet:60 - Servlet.destroy
2023-01-26 12:53:14 INFO  Servlet:22 - Servlet.init
2023-01-26 12:53:14 INFO  Servlet:42 - Servlet.doGet; commandName ==> setFacultiesForRegistration
2023-01-26 12:53:34 INFO  Servlet:42 - Servlet.doGet; commandName ==> setFacultiesForRegistration
2023-01-26 12:53:38 INFO  Servlet:42 - Servlet.doGet; commandName ==> logOut
2023-01-26 12:53:43 INFO  Servlet:42 - Servlet.doGet; commandName ==> logIn
2023-01-26 12:53:45 INFO  Servlet:42 - Servlet.doGet; commandName ==> setFacultiesForRegistration
2023-01-26 12:53:49 INFO  Servlet:42 - Servlet.doGet; commandName ==> registerForFaculties
2023-01-26 12:53:51 INFO  Servlet:42 - Servlet.doGet; commandName ==> registerForFaculties
2023-01-26 12:53:52 INFO  Servlet:42 - Servlet.doGet; commandName ==> registerForFaculties
2023-01-26 12:53:52 INFO  Servlet:42 - Servlet.doGet; commandName ==> registerForFaculties
2023-01-26 12:53:53 INFO  Servlet:42 - Servlet.doGet; commandName ==> registerForFaculties
2023-01-26 12:53:54 INFO  Servlet:42 - Servlet.doGet; commandName ==> registerForFaculties
2023-01-26 12:53:54 INFO  Servlet:42 - Servlet.doGet; commandName ==> registerForFaculties
2023-01-26 12:53:54 INFO  Servlet:42 - Servlet.doGet; commandName ==> registerForFaculties
2023-01-26 12:54:55 INFO  Servlet:60 - Servlet.destroy
2023-01-26 12:54:57 INFO  Servlet:22 - Servlet.init
2023-01-26 12:54:57 INFO  Servlet:42 - Servlet.doGet; commandName ==> getFaculties
2023-01-26 12:55:03 INFO  Servlet:42 - Servlet.doGet; commandName ==> logIn
2023-01-26 12:55:04 INFO  Servlet:42 - Servlet.doGet; commandName ==> setFacultiesForRegistration
2023-01-26 12:55:06 INFO  Servlet:42 - Servlet.doGet; commandName ==> registerForFaculties
2023-01-26 12:55:08 INFO  Servlet:42 - Servlet.doGet; commandName ==> registerForFaculties
2023-01-26 12:55:10 INFO  Servlet:42 - Servlet.doGet; commandName ==> registerForFaculties
2023-01-26 12:55:11 INFO  Servlet:42 - Servlet.doGet; commandName ==> registerForFaculties
2023-01-26 12:55:12 INFO  Servlet:42 - Servlet.doGet; commandName ==> registerForFaculties
2023-01-26 12:55:13 INFO  Servlet:42 - Servlet.doGet; commandName ==> registerForFaculties
2023-01-26 12:55:38 INFO  Servlet:60 - Servlet.destroy
2023-01-26 12:55:43 INFO  Servlet:22 - Servlet.init
2023-01-26 12:55:43 INFO  Servlet:42 - Servlet.doGet; commandName ==> logOut
2023-01-26 12:55:48 INFO  Servlet:42 - Servlet.doGet; commandName ==> logIn
2023-01-26 12:55:49 INFO  Servlet:42 - Servlet.doGet; commandName ==> setFacultiesForRegistration
2023-01-26 12:55:51 INFO  Servlet:42 - Servlet.doGet; commandName ==> registerForFaculties
2023-01-26 12:56:11 INFO  Servlet:60 - Servlet.destroy
2023-01-26 12:56:15 INFO  Servlet:22 - Servlet.init
2023-01-26 12:56:15 INFO  Servlet:42 - Servlet.doGet; commandName ==> logOut
2023-01-26 12:56:15 INFO  Servlet:42 - Servlet.doGet; commandName ==> logOut
2023-01-26 12:56:15 INFO  Servlet:42 - Servlet.doGet; commandName ==> logOut
2023-01-26 12:56:15 INFO  Servlet:42 - Servlet.doGet; commandName ==> logOut
2023-01-26 12:56:19 INFO  Servlet:42 - Servlet.doGet; commandName ==> logIn
2023-01-26 12:56:20 INFO  Servlet:42 - Servlet.doGet; commandName ==> setFacultiesForRegistration
2023-01-26 12:56:21 INFO  Servlet:42 - Servlet.doGet; commandName ==> registerForFaculties
2023-01-26 12:56:58 INFO  Servlet:60 - Servlet.destroy
2023-01-26 12:57:00 INFO  Servlet:22 - Servlet.init
2023-01-26 12:57:00 INFO  Servlet:42 - Servlet.doGet; commandName ==> registerForFaculties
2023-01-26 12:57:06 INFO  Servlet:42 - Servlet.doGet; commandName ==> logIn
2023-01-26 12:57:08 INFO  Servlet:42 - Servlet.doGet; commandName ==> setFacultiesForRegistration
2023-01-26 12:57:11 INFO  Servlet:42 - Servlet.doGet; commandName ==> registerForFaculties
2023-01-26 12:57:14 INFO  Servlet:42 - Servlet.doGet; commandName ==> registerForFaculties
2023-01-26 12:57:18 INFO  Servlet:42 - Servlet.doGet; commandName ==> registerForFaculties
2023-01-26 12:57:22 INFO  Servlet:42 - Servlet.doGet; commandName ==> registerForFaculties
2023-01-26 12:57:26 INFO  Servlet:42 - Servlet.doGet; commandName ==> registerForFaculties
2023-01-26 12:57:31 INFO  Servlet:42 - Servlet.doGet; commandName ==> registerForFaculties
2023-01-26 12:57:34 INFO  Servlet:42 - Servlet.doGet; commandName ==> registerForFaculties
2023-01-26 16:24:01 INFO  Servlet:22 - Servlet.init
2023-01-26 16:24:01 INFO  Servlet:42 - Servlet.doGet; commandName ==> logIn
2023-01-26 16:24:11 INFO  Servlet:42 - Servlet.doGet; commandName ==> logIn
2023-01-26 16:24:15 INFO  Servlet:42 - Servlet.doGet; commandName ==> logIn
2023-01-26 16:24:40 INFO  Servlet:42 - Servlet.doGet; commandName ==> registration
2023-01-26 16:27:18 INFO  Servlet:60 - Servlet.destroy
2023-01-26 16:27:28 INFO  Servlet:22 - Servlet.init
2023-01-26 16:27:28 INFO  Servlet:42 - Servlet.doGet; commandName ==> changeLanguage
2023-01-26 16:27:29 INFO  Servlet:42 - Servlet.doGet; commandName ==> getFaculties
2023-01-26 16:28:22 INFO  Servlet:60 - Servlet.destroy
2023-01-26 16:28:30 INFO  Servlet:22 - Servlet.init
2023-01-26 16:28:30 INFO  Servlet:42 - Servlet.doGet; commandName ==> changeLanguage
2023-01-26 16:28:32 INFO  Servlet:42 - Servlet.doGet; commandName ==> getFaculties
2023-01-26 16:28:34 INFO  Servlet:42 - Servlet.doGet; commandName ==> getFaculties
2023-01-26 16:28:35 INFO  Servlet:42 - Servlet.doGet; commandName ==> getFaculties
2023-01-26 16:28:36 INFO  Servlet:42 - Servlet.doGet; commandName ==> getFaculties
2023-01-26 16:28:37 INFO  Servlet:42 - Servlet.doGet; commandName ==> getFaculties
2023-01-26 16:28:38 INFO  Servlet:42 - Servlet.doGet; commandName ==> changeLanguage
2023-01-26 16:28:40 INFO  Servlet:42 - Servlet.doGet; commandName ==> getFaculties
2023-01-26 16:28:41 INFO  Servlet:42 - Servlet.doGet; commandName ==> getFaculties
2023-01-26 16:28:44 INFO  Servlet:42 - Servlet.doGet; commandName ==> getFaculties
2023-01-26 16:28:48 INFO  Servlet:42 - Servlet.doGet; commandName ==> getFaculties
2023-01-26 16:28:50 INFO  Servlet:42 - Servlet.doGet; commandName ==> getFaculties
2023-01-26 16:30:49 INFO  Servlet:60 - Servlet.destroy
2023-01-26 16:30:50 INFO  Servlet:22 - Servlet.init
2023-01-26 16:30:50 INFO  Servlet:42 - Servlet.doGet; commandName ==> getFaculties
2023-01-26 16:30:53 INFO  Servlet:42 - Servlet.doGet; commandName ==> changeLanguage
2023-01-26 16:30:54 INFO  Servlet:42 - Servlet.doGet; commandName ==> getFaculties
2023-01-26 16:30:59 INFO  Servlet:42 - Servlet.doGet; commandName ==> changeLanguage
2023-01-26 16:31:00 INFO  Servlet:42 - Servlet.doGet; commandName ==> getFaculties
2023-01-26 16:31:03 INFO  Servlet:42 - Servlet.doGet; commandName ==> changeLanguage
2023-01-26 16:31:04 INFO  Servlet:42 - Servlet.doGet; commandName ==> getFaculties
2023-01-26 16:31:23 INFO  Servlet:42 - Servlet.doGet; commandName ==> getFaculties
2023-01-26 16:31:54 INFO  Servlet:42 - Servlet.doGet; commandName ==> getFaculty
2023-01-26 16:32:01 INFO  Servlet:42 - Servlet.doGet; commandName ==> logIn
2023-01-26 16:32:02 INFO  Servlet:42 - Servlet.doGet; commandName ==> setFacultiesForRegistration
2023-01-26 16:33:04 INFO  Servlet:42 - Servlet.doGet; commandName ==> registerForFaculties
2023-01-26 16:33:16 INFO  Servlet:42 - Servlet.doGet; commandName ==> getFaculties
2023-01-26 16:33:18 INFO  Servlet:42 - Servlet.doGet; commandName ==> getFaculties
2023-01-26 16:33:20 INFO  Servlet:42 - Servlet.doGet; commandName ==> getFaculties
2023-01-26 16:33:34 INFO  Servlet:42 - Servlet.doGet; commandName ==> getFaculties
2023-01-26 16:33:39 INFO  Servlet:42 - Servlet.doGet; commandName ==> getFaculties
2023-01-26 16:33:44 INFO  Servlet:42 - Servlet.doGet; commandName ==> getFaculties
2023-01-26 16:33:48 INFO  Servlet:42 - Servlet.doGet; commandName ==> getFaculties
2023-01-26 16:34:43 INFO  Servlet:22 - Servlet.init
2023-01-26 16:34:43 INFO  Servlet:42 - Servlet.doGet; commandName ==> getFaculties
2023-01-26 16:34:59 INFO  Servlet:42 - Servlet.doGet; commandName ==> getFaculties
2023-01-26 16:34:59 INFO  Servlet:42 - Servlet.doGet; commandName ==> getFaculties
2023-01-26 16:34:59 INFO  Servlet:42 - Servlet.doGet; commandName ==> getFaculties
2023-01-26 16:35:18 INFO  Servlet:22 - Servlet.init
2023-01-26 16:35:18 INFO  Servlet:42 - Servlet.doGet; commandName ==> getFaculties
2023-01-26 16:35:30 INFO  Servlet:42 - Servlet.doGet; commandName ==> getFaculties
2023-01-26 16:35:35 INFO  Servlet:42 - Servlet.doGet; commandName ==> getFaculties
2023-01-26 16:35:36 INFO  Servlet:42 - Servlet.doGet; commandName ==> getFaculties
2023-01-26 16:35:38 INFO  Servlet:42 - Servlet.doGet; commandName ==> getFaculties
2023-01-26 16:35:39 INFO  Servlet:42 - Servlet.doGet; commandName ==> getFaculties
2023-01-26 16:35:43 INFO  Servlet:42 - Servlet.doGet; commandName ==> getFaculties
2023-01-26 16:35:45 INFO  Servlet:42 - Servlet.doGet; commandName ==> getFaculties
2023-01-26 16:35:46 INFO  Servlet:42 - Servlet.doGet; commandName ==> getFaculties
2023-01-26 16:35:56 INFO  Servlet:42 - Servlet.doGet; commandName ==> getFaculties
2023-01-26 16:35:58 INFO  Servlet:42 - Servlet.doGet; commandName ==> getFaculties
2023-01-26 16:35:59 INFO  Servlet:42 - Servlet.doGet; commandName ==> getFaculties
2023-01-26 16:36:01 INFO  Servlet:42 - Servlet.doGet; commandName ==> getFaculties
2023-01-26 16:36:03 INFO  Servlet:42 - Servlet.doGet; commandName ==> getFaculties
2023-01-26 16:36:04 INFO  Servlet:42 - Servlet.doGet; commandName ==> getFaculties
2023-01-26 16:36:06 INFO  Servlet:42 - Servlet.doGet; commandName ==> getFaculties
2023-01-26 16:37:56 INFO  Servlet:22 - Servlet.init
2023-01-26 16:37:56 INFO  Servlet:42 - Servlet.doGet; commandName ==> getFaculties
2023-01-26 16:37:59 INFO  Servlet:42 - Servlet.doGet; commandName ==> getFaculties
2023-01-26 16:38:01 INFO  Servlet:42 - Servlet.doGet; commandName ==> getFaculties
2023-01-26 16:38:03 INFO  Servlet:42 - Servlet.doGet; commandName ==> getFaculties
2023-01-26 16:38:04 INFO  Servlet:42 - Servlet.doGet; commandName ==> getFaculties
2023-01-26 16:38:05 INFO  Servlet:42 - Servlet.doGet; commandName ==> getFaculties
2023-01-26 16:38:06 INFO  Servlet:42 - Servlet.doGet; commandName ==> getFaculties
2023-01-26 16:40:09 INFO  Servlet:42 - Servlet.doGet; commandName ==> changeLanguage
2023-01-27 12:23:36 ERROR ApplicantFacultyDaoImpl:47 - Cannot save ApplicantFaculty.org.postgresql.util.PSQLException: ОШИБКА: INSERT или UPDATE в таблице "applicant_faculty" нарушает ограничение внешнего ключа "applicant_faculty_user_id_fkey"
  Подробности: Ключ (user_id)=(0) отсутствует в таблице "users".
2023-01-27 12:23:36 ERROR ApplicantFacultyDaoImpl:47 - Cannot save ApplicantFaculty.org.postgresql.util.PSQLException: ОШИБКА: INSERT или UPDATE в таблице "applicant_faculty" нарушает ограничение внешнего ключа "applicant_faculty_user_id_fkey"
  Подробности: Ключ (user_id)=(0) отсутствует в таблице "users".
2023-01-27 12:23:36 ERROR ApplicantFacultyDaoImpl:47 - Cannot save ApplicantFaculty.org.postgresql.util.PSQLException: ОШИБКА: INSERT или UPDATE в таблице "applicant_faculty" нарушает ограничение внешнего ключа "applicant_faculty_user_id_fkey"
  Подробности: Ключ (user_id)=(0) отсутствует в таблице "users".
2023-01-27 12:23:36 ERROR ApplicantFacultyDaoImpl:47 - Cannot save ApplicantFaculty.org.postgresql.util.PSQLException: ОШИБКА: INSERT или UPDATE в таблице "applicant_faculty" нарушает ограничение внешнего ключа "applicant_faculty_user_id_fkey"
  Подробности: Ключ (user_id)=(0) отсутствует в таблице "users".
2023-01-27 12:23:36 ERROR ApplicantFacultyDaoImpl:47 - Cannot save ApplicantFaculty.org.postgresql.util.PSQLException: ОШИБКА: INSERT или UPDATE в таблице "applicant_faculty" нарушает ограничение внешнего ключа "applicant_faculty_user_id_fkey"
  Подробности: Ключ (user_id)=(0) отсутствует в таблице "users".
2023-01-27 12:24:58 ERROR ApplicantFacultyDaoImpl:47 - Cannot save ApplicantFaculty.org.postgresql.util.PSQLException: ОШИБКА: INSERT или UPDATE в таблице "applicant_faculty" нарушает ограничение внешнего ключа "applicant_faculty_user_id_fkey"
  Подробности: Ключ (user_id)=(0) отсутствует в таблице "users".
2023-01-27 12:24:58 ERROR ApplicantFacultyDaoImpl:47 - Cannot save ApplicantFaculty.org.postgresql.util.PSQLException: ОШИБКА: INSERT или UPDATE в таблице "applicant_faculty" нарушает ограничение внешнего ключа "applicant_faculty_user_id_fkey"
  Подробности: Ключ (user_id)=(0) отсутствует в таблице "users".
2023-01-27 12:24:58 ERROR ApplicantFacultyDaoImpl:47 - Cannot save ApplicantFaculty.org.postgresql.util.PSQLException: ОШИБКА: INSERT или UPDATE в таблице "applicant_faculty" нарушает ограничение внешнего ключа "applicant_faculty_user_id_fkey"
  Подробности: Ключ (user_id)=(0) отсутствует в таблице "users".
2023-01-27 12:24:58 ERROR ApplicantFacultyDaoImpl:47 - Cannot save ApplicantFaculty.org.postgresql.util.PSQLException: ОШИБКА: INSERT или UPDATE в таблице "applicant_faculty" нарушает ограничение внешнего ключа "applicant_faculty_user_id_fkey"
  Подробности: Ключ (user_id)=(0) отсутствует в таблице "users".
2023-01-27 12:24:58 ERROR ApplicantFacultyDaoImpl:47 - Cannot save ApplicantFaculty.org.postgresql.util.PSQLException: ОШИБКА: INSERT или UPDATE в таблице "applicant_faculty" нарушает ограничение внешнего ключа "applicant_faculty_user_id_fkey"
  Подробности: Ключ (user_id)=(0) отсутствует в таблице "users".
2023-01-27 12:25:55 ERROR ApplicantFacultyDaoImpl:47 - Cannot save ApplicantFaculty.org.postgresql.util.PSQLException: ОШИБКА: INSERT или UPDATE в таблице "applicant_faculty" нарушает ограничение внешнего ключа "applicant_faculty_user_id_fkey"
  Подробности: Ключ (user_id)=(0) отсутствует в таблице "users".
2023-01-27 12:25:55 ERROR ApplicantFacultyDaoImpl:47 - Cannot save ApplicantFaculty.org.postgresql.util.PSQLException: ОШИБКА: INSERT или UPDATE в таблице "applicant_faculty" нарушает ограничение внешнего ключа "applicant_faculty_user_id_fkey"
  Подробности: Ключ (user_id)=(0) отсутствует в таблице "users".
2023-01-27 12:26:07 ERROR ApplicantFacultyDaoImpl:47 - Cannot save ApplicantFaculty.org.postgresql.util.PSQLException: ОШИБКА: INSERT или UPDATE в таблице "applicant_faculty" нарушает ограничение внешнего ключа "applicant_faculty_user_id_fkey"
  Подробности: Ключ (user_id)=(0) отсутствует в таблице "users".
2023-01-27 12:26:07 ERROR ApplicantFacultyDaoImpl:47 - Cannot save ApplicantFaculty.org.postgresql.util.PSQLException: ОШИБКА: INSERT или UPDATE в таблице "applicant_faculty" нарушает ограничение внешнего ключа "applicant_faculty_user_id_fkey"
  Подробности: Ключ (user_id)=(0) отсутствует в таблице "users".
2023-01-27 12:26:07 ERROR ApplicantFacultyDaoImpl:47 - Cannot save ApplicantFaculty.org.postgresql.util.PSQLException: ОШИБКА: INSERT или UPDATE в таблице "applicant_faculty" нарушает ограничение внешнего ключа "applicant_faculty_user_id_fkey"
  Подробности: Ключ (user_id)=(0) отсутствует в таблице "users".
2023-01-27 12:27:02 ERROR ApplicantFacultyDaoImpl:47 - Cannot save ApplicantFaculty.org.postgresql.util.PSQLException: ОШИБКА: INSERT или UPDATE в таблице "applicant_faculty" нарушает ограничение внешнего ключа "applicant_faculty_user_id_fkey"
  Подробности: Ключ (user_id)=(0) отсутствует в таблице "users".
2023-01-27 12:27:02 ERROR ApplicantFacultyDaoImpl:47 - Cannot save ApplicantFaculty.org.postgresql.util.PSQLException: ОШИБКА: INSERT или UPDATE в таблице "applicant_faculty" нарушает ограничение внешнего ключа "applicant_faculty_user_id_fkey"
  Подробности: Ключ (user_id)=(0) отсутствует в таблице "users".
2023-01-27 12:27:02 ERROR ApplicantFacultyDaoImpl:47 - Cannot save ApplicantFaculty.org.postgresql.util.PSQLException: ОШИБКА: INSERT или UPDATE в таблице "applicant_faculty" нарушает ограничение внешнего ключа "applicant_faculty_user_id_fkey"
  Подробности: Ключ (user_id)=(0) отсутствует в таблице "users".
2023-01-27 12:27:02 ERROR ApplicantFacultyDaoImpl:47 - Cannot save ApplicantFaculty.org.postgresql.util.PSQLException: ОШИБКА: INSERT или UPDATE в таблице "applicant_faculty" нарушает ограничение внешнего ключа "applicant_faculty_user_id_fkey"
  Подробности: Ключ (user_id)=(0) отсутствует в таблице "users".
2023-01-27 12:29:24 ERROR ApplicantFacultyDaoImpl:47 - Cannot save ApplicantFaculty.org.postgresql.util.PSQLException: ОШИБКА: INSERT или UPDATE в таблице "applicant_faculty" нарушает ограничение внешнего ключа "applicant_faculty_user_id_fkey"
  Подробности: Ключ (user_id)=(0) отсутствует в таблице "users".
